/!\ FAILSAFE /!\  Wed Oct 27 00:39:13 +0530 2010
  Status: 500 Internal Server Error
  unable to open database file
    /Users/mneedham/.rvm/gems/ruby-1.8.7-p299/gems/activerecord-2.3.5/lib/active_record/connection_adapters/sqlite3_adapter.rb:13:in `initialize'
    /Users/mneedham/.rvm/gems/ruby-1.8.7-p299/gems/activerecord-2.3.5/lib/active_record/connection_adapters/sqlite3_adapter.rb:13:in `new'
    /Users/mneedham/.rvm/gems/ruby-1.8.7-p299/gems/activerecord-2.3.5/lib/active_record/connection_adapters/sqlite3_adapter.rb:13:in `sqlite3_connection'
    /Users/mneedham/.rvm/gems/ruby-1.8.7-p299/gems/activerecord-2.3.5/lib/active_record/connection_adapters/abstract/connection_pool.rb:223:in `send'
    /Users/mneedham/.rvm/gems/ruby-1.8.7-p299/gems/activerecord-2.3.5/lib/active_record/connection_adapters/abstract/connection_pool.rb:223:in `new_connection'
    /Users/mneedham/.rvm/gems/ruby-1.8.7-p299/gems/activerecord-2.3.5/lib/active_record/connection_adapters/abstract/connection_pool.rb:245:in `checkout_new_connection'
    /Users/mneedham/.rvm/gems/ruby-1.8.7-p299/gems/activerecord-2.3.5/lib/active_record/connection_adapters/abstract/connection_pool.rb:188:in `checkout'
    /Users/mneedham/.rvm/gems/ruby-1.8.7-p299/gems/activerecord-2.3.5/lib/active_record/connection_adapters/abstract/connection_pool.rb:184:in `loop'
    /Users/mneedham/.rvm/gems/ruby-1.8.7-p299/gems/activerecord-2.3.5/lib/active_record/connection_adapters/abstract/connection_pool.rb:184:in `checkout'
    /Users/mneedham/.rvm/rubies/ruby-1.8.7-p299/lib/ruby/1.8/monitor.rb:242:in `synchronize'
    /Users/mneedham/.rvm/gems/ruby-1.8.7-p299/gems/activerecord-2.3.5/lib/active_record/connection_adapters/abstract/connection_pool.rb:183:in `checkout'
    /Users/mneedham/.rvm/gems/ruby-1.8.7-p299/gems/activerecord-2.3.5/lib/active_record/connection_adapters/abstract/connection_pool.rb:98:in `connection'
    /Users/mneedham/.rvm/gems/ruby-1.8.7-p299/gems/activerecord-2.3.5/lib/active_record/connection_adapters/abstract/connection_pool.rb:326:in `retrieve_connection'
    /Users/mneedham/.rvm/gems/ruby-1.8.7-p299/gems/activerecord-2.3.5/lib/active_record/connection_adapters/abstract/connection_specification.rb:123:in `retrieve_connection'
    /Users/mneedham/.rvm/gems/ruby-1.8.7-p299/gems/activerecord-2.3.5/lib/active_record/connection_adapters/abstract/connection_specification.rb:115:in `connection'
    /Users/mneedham/.rvm/gems/ruby-1.8.7-p299/gems/activerecord-2.3.5/lib/active_record/query_cache.rb:9:in `cache'
    /Users/mneedham/.rvm/gems/ruby-1.8.7-p299/gems/activerecord-2.3.5/lib/active_record/query_cache.rb:28:in `call'
    /Users/mneedham/.rvm/gems/ruby-1.8.7-p299/gems/activerecord-2.3.5/lib/active_record/connection_adapters/abstract/connection_pool.rb:361:in `call'
    /Users/mneedham/.rvm/gems/ruby-1.8.7-p299/gems/actionpack-2.3.5/lib/action_controller/string_coercion.rb:25:in `call'
    /Users/mneedham/.rvm/gems/ruby-1.8.7-p299/gems/rack-1.0.1/lib/rack/head.rb:9:in `call'
    /Users/mneedham/.rvm/gems/ruby-1.8.7-p299/gems/rack-1.0.1/lib/rack/methodoverride.rb:24:in `call'
    /Users/mneedham/.rvm/gems/ruby-1.8.7-p299/gems/actionpack-2.3.5/lib/action_controller/params_parser.rb:15:in `call'
    /Users/mneedham/.rvm/gems/ruby-1.8.7-p299/gems/actionpack-2.3.5/lib/action_controller/session/cookie_store.rb:93:in `call'
    /Users/mneedham/.rvm/gems/ruby-1.8.7-p299/gems/actionpack-2.3.5/lib/action_controller/failsafe.rb:26:in `call'
    /Users/mneedham/.rvm/gems/ruby-1.8.7-p299/gems/rack-1.0.1/lib/rack/lock.rb:11:in `call'
    /Users/mneedham/.rvm/gems/ruby-1.8.7-p299/gems/rack-1.0.1/lib/rack/lock.rb:11:in `synchronize'
    /Users/mneedham/.rvm/gems/ruby-1.8.7-p299/gems/rack-1.0.1/lib/rack/lock.rb:11:in `call'
    /Users/mneedham/.rvm/gems/ruby-1.8.7-p299/gems/actionpack-2.3.5/lib/action_controller/dispatcher.rb:114:in `call'
    /Users/mneedham/.rvm/gems/ruby-1.8.7-p299/gems/actionpack-2.3.5/lib/action_controller/reloader.rb:34:in `run'
    /Users/mneedham/.rvm/gems/ruby-1.8.7-p299/gems/actionpack-2.3.5/lib/action_controller/dispatcher.rb:108:in `call'
    /Users/mneedham/.rvm/gems/ruby-1.8.7-p299/gems/rails-2.3.5/lib/rails/rack/static.rb:31:in `call'
    /Users/mneedham/.rvm/gems/ruby-1.8.7-p299/gems/rack-1.0.1/lib/rack/urlmap.rb:46:in `call'
    /Users/mneedham/.rvm/gems/ruby-1.8.7-p299/gems/rack-1.0.1/lib/rack/urlmap.rb:40:in `each'
    /Users/mneedham/.rvm/gems/ruby-1.8.7-p299/gems/rack-1.0.1/lib/rack/urlmap.rb:40:in `call'
    /Users/mneedham/.rvm/gems/ruby-1.8.7-p299/gems/rails-2.3.5/lib/rails/rack/log_tailer.rb:17:in `call'
    /Users/mneedham/.rvm/gems/ruby-1.8.7-p299/gems/rack-1.0.1/lib/rack/content_length.rb:13:in `call'
    /Users/mneedham/.rvm/gems/ruby-1.8.7-p299/gems/rack-1.0.1/lib/rack/chunked.rb:15:in `call'
    /Users/mneedham/.rvm/gems/ruby-1.8.7-p299/gems/rack-1.0.1/lib/rack/handler/mongrel.rb:64:in `process'
    /Users/mneedham/.rvm/gems/ruby-1.8.7-p299/gems/mongrel-1.1.5/lib/mongrel.rb:159:in `process_client'
    /Users/mneedham/.rvm/gems/ruby-1.8.7-p299/gems/mongrel-1.1.5/lib/mongrel.rb:158:in `each'
    /Users/mneedham/.rvm/gems/ruby-1.8.7-p299/gems/mongrel-1.1.5/lib/mongrel.rb:158:in `process_client'
    /Users/mneedham/.rvm/gems/ruby-1.8.7-p299/gems/mongrel-1.1.5/lib/mongrel.rb:285:in `run'
    /Users/mneedham/.rvm/gems/ruby-1.8.7-p299/gems/mongrel-1.1.5/lib/mongrel.rb:285:in `initialize'
    /Users/mneedham/.rvm/gems/ruby-1.8.7-p299/gems/mongrel-1.1.5/lib/mongrel.rb:285:in `new'
    /Users/mneedham/.rvm/gems/ruby-1.8.7-p299/gems/mongrel-1.1.5/lib/mongrel.rb:285:in `run'
    /Users/mneedham/.rvm/gems/ruby-1.8.7-p299/gems/mongrel-1.1.5/lib/mongrel.rb:268:in `initialize'
    /Users/mneedham/.rvm/gems/ruby-1.8.7-p299/gems/mongrel-1.1.5/lib/mongrel.rb:268:in `new'
    /Users/mneedham/.rvm/gems/ruby-1.8.7-p299/gems/mongrel-1.1.5/lib/mongrel.rb:268:in `run'
    /Users/mneedham/.rvm/gems/ruby-1.8.7-p299/gems/rack-1.0.1/lib/rack/handler/mongrel.rb:34:in `run'
    /Users/mneedham/.rvm/gems/ruby-1.8.7-p299/gems/rails-2.3.5/lib/commands/server.rb:111
    /Users/mneedham/.rvm/rubies/ruby-1.8.7-p299/lib/ruby/site_ruby/1.8/rubygems/custom_require.rb:31:in `gem_original_require'
    /Users/mneedham/.rvm/rubies/ruby-1.8.7-p299/lib/ruby/site_ruby/1.8/rubygems/custom_require.rb:31:in `require'
    script/server:3
/!\ FAILSAFE /!\  Wed Oct 27 00:41:25 +0530 2010
  Status: 500 Internal Server Error
  unable to open database file
    /Users/mneedham/.rvm/gems/ruby-1.8.7-p299/gems/activerecord-2.3.5/lib/active_record/connection_adapters/sqlite3_adapter.rb:13:in `initialize'
    /Users/mneedham/.rvm/gems/ruby-1.8.7-p299/gems/activerecord-2.3.5/lib/active_record/connection_adapters/sqlite3_adapter.rb:13:in `new'
    /Users/mneedham/.rvm/gems/ruby-1.8.7-p299/gems/activerecord-2.3.5/lib/active_record/connection_adapters/sqlite3_adapter.rb:13:in `sqlite3_connection'
    /Users/mneedham/.rvm/gems/ruby-1.8.7-p299/gems/activerecord-2.3.5/lib/active_record/connection_adapters/abstract/connection_pool.rb:223:in `send'
    /Users/mneedham/.rvm/gems/ruby-1.8.7-p299/gems/activerecord-2.3.5/lib/active_record/connection_adapters/abstract/connection_pool.rb:223:in `new_connection'
    /Users/mneedham/.rvm/gems/ruby-1.8.7-p299/gems/activerecord-2.3.5/lib/active_record/connection_adapters/abstract/connection_pool.rb:245:in `checkout_new_connection'
    /Users/mneedham/.rvm/gems/ruby-1.8.7-p299/gems/activerecord-2.3.5/lib/active_record/connection_adapters/abstract/connection_pool.rb:188:in `checkout'
    /Users/mneedham/.rvm/gems/ruby-1.8.7-p299/gems/activerecord-2.3.5/lib/active_record/connection_adapters/abstract/connection_pool.rb:184:in `loop'
    /Users/mneedham/.rvm/gems/ruby-1.8.7-p299/gems/activerecord-2.3.5/lib/active_record/connection_adapters/abstract/connection_pool.rb:184:in `checkout'
    /Users/mneedham/.rvm/rubies/ruby-1.8.7-p299/lib/ruby/1.8/monitor.rb:242:in `synchronize'
    /Users/mneedham/.rvm/gems/ruby-1.8.7-p299/gems/activerecord-2.3.5/lib/active_record/connection_adapters/abstract/connection_pool.rb:183:in `checkout'
    /Users/mneedham/.rvm/gems/ruby-1.8.7-p299/gems/activerecord-2.3.5/lib/active_record/connection_adapters/abstract/connection_pool.rb:98:in `connection'
    /Users/mneedham/.rvm/gems/ruby-1.8.7-p299/gems/activerecord-2.3.5/lib/active_record/connection_adapters/abstract/connection_pool.rb:326:in `retrieve_connection'
    /Users/mneedham/.rvm/gems/ruby-1.8.7-p299/gems/activerecord-2.3.5/lib/active_record/connection_adapters/abstract/connection_specification.rb:123:in `retrieve_connection'
    /Users/mneedham/.rvm/gems/ruby-1.8.7-p299/gems/activerecord-2.3.5/lib/active_record/connection_adapters/abstract/connection_specification.rb:115:in `connection'
    /Users/mneedham/.rvm/gems/ruby-1.8.7-p299/gems/activerecord-2.3.5/lib/active_record/query_cache.rb:9:in `cache'
    /Users/mneedham/.rvm/gems/ruby-1.8.7-p299/gems/activerecord-2.3.5/lib/active_record/query_cache.rb:28:in `call'
    /Users/mneedham/.rvm/gems/ruby-1.8.7-p299/gems/activerecord-2.3.5/lib/active_record/connection_adapters/abstract/connection_pool.rb:361:in `call'
    /Users/mneedham/.rvm/gems/ruby-1.8.7-p299/gems/actionpack-2.3.5/lib/action_controller/string_coercion.rb:25:in `call'
    /Users/mneedham/.rvm/gems/ruby-1.8.7-p299/gems/rack-1.0.1/lib/rack/head.rb:9:in `call'
    /Users/mneedham/.rvm/gems/ruby-1.8.7-p299/gems/rack-1.0.1/lib/rack/methodoverride.rb:24:in `call'
    /Users/mneedham/.rvm/gems/ruby-1.8.7-p299/gems/actionpack-2.3.5/lib/action_controller/params_parser.rb:15:in `call'
    /Users/mneedham/.rvm/gems/ruby-1.8.7-p299/gems/actionpack-2.3.5/lib/action_controller/session/cookie_store.rb:93:in `call'
    /Users/mneedham/.rvm/gems/ruby-1.8.7-p299/gems/actionpack-2.3.5/lib/action_controller/failsafe.rb:26:in `call'
    /Users/mneedham/.rvm/gems/ruby-1.8.7-p299/gems/rack-1.0.1/lib/rack/lock.rb:11:in `call'
    /Users/mneedham/.rvm/gems/ruby-1.8.7-p299/gems/rack-1.0.1/lib/rack/lock.rb:11:in `synchronize'
    /Users/mneedham/.rvm/gems/ruby-1.8.7-p299/gems/rack-1.0.1/lib/rack/lock.rb:11:in `call'
    /Users/mneedham/.rvm/gems/ruby-1.8.7-p299/gems/actionpack-2.3.5/lib/action_controller/dispatcher.rb:114:in `call'
    /Users/mneedham/.rvm/gems/ruby-1.8.7-p299/gems/actionpack-2.3.5/lib/action_controller/reloader.rb:34:in `run'
    /Users/mneedham/.rvm/gems/ruby-1.8.7-p299/gems/actionpack-2.3.5/lib/action_controller/dispatcher.rb:108:in `call'
    /Users/mneedham/.rvm/gems/ruby-1.8.7-p299/gems/rails-2.3.5/lib/rails/rack/static.rb:31:in `call'
    /Users/mneedham/.rvm/gems/ruby-1.8.7-p299/gems/rack-1.0.1/lib/rack/urlmap.rb:46:in `call'
    /Users/mneedham/.rvm/gems/ruby-1.8.7-p299/gems/rack-1.0.1/lib/rack/urlmap.rb:40:in `each'
    /Users/mneedham/.rvm/gems/ruby-1.8.7-p299/gems/rack-1.0.1/lib/rack/urlmap.rb:40:in `call'
    /Users/mneedham/.rvm/gems/ruby-1.8.7-p299/gems/rails-2.3.5/lib/rails/rack/log_tailer.rb:17:in `call'
    /Users/mneedham/.rvm/gems/ruby-1.8.7-p299/gems/rack-1.0.1/lib/rack/content_length.rb:13:in `call'
    /Users/mneedham/.rvm/gems/ruby-1.8.7-p299/gems/rack-1.0.1/lib/rack/chunked.rb:15:in `call'
    /Users/mneedham/.rvm/gems/ruby-1.8.7-p299/gems/rack-1.0.1/lib/rack/handler/mongrel.rb:64:in `process'
    /Users/mneedham/.rvm/gems/ruby-1.8.7-p299/gems/mongrel-1.1.5/lib/mongrel.rb:159:in `process_client'
    /Users/mneedham/.rvm/gems/ruby-1.8.7-p299/gems/mongrel-1.1.5/lib/mongrel.rb:158:in `each'
    /Users/mneedham/.rvm/gems/ruby-1.8.7-p299/gems/mongrel-1.1.5/lib/mongrel.rb:158:in `process_client'
    /Users/mneedham/.rvm/gems/ruby-1.8.7-p299/gems/mongrel-1.1.5/lib/mongrel.rb:285:in `run'
    /Users/mneedham/.rvm/gems/ruby-1.8.7-p299/gems/mongrel-1.1.5/lib/mongrel.rb:285:in `initialize'
    /Users/mneedham/.rvm/gems/ruby-1.8.7-p299/gems/mongrel-1.1.5/lib/mongrel.rb:285:in `new'
    /Users/mneedham/.rvm/gems/ruby-1.8.7-p299/gems/mongrel-1.1.5/lib/mongrel.rb:285:in `run'
    /Users/mneedham/.rvm/gems/ruby-1.8.7-p299/gems/mongrel-1.1.5/lib/mongrel.rb:268:in `initialize'
    /Users/mneedham/.rvm/gems/ruby-1.8.7-p299/gems/mongrel-1.1.5/lib/mongrel.rb:268:in `new'
    /Users/mneedham/.rvm/gems/ruby-1.8.7-p299/gems/mongrel-1.1.5/lib/mongrel.rb:268:in `run'
    /Users/mneedham/.rvm/gems/ruby-1.8.7-p299/gems/rack-1.0.1/lib/rack/handler/mongrel.rb:34:in `run'
    /Users/mneedham/.rvm/gems/ruby-1.8.7-p299/gems/rails-2.3.5/lib/commands/server.rb:111
    /Users/mneedham/.rvm/rubies/ruby-1.8.7-p299/lib/ruby/site_ruby/1.8/rubygems/custom_require.rb:31:in `gem_original_require'
    /Users/mneedham/.rvm/rubies/ruby-1.8.7-p299/lib/ruby/site_ruby/1.8/rubygems/custom_require.rb:31:in `require'
    script/server:3


Processing CodeSubmissionsController#show (for 127.0.0.1 at 2010-10-27 00:43:32) [GET]
  Parameters: {"id"=>"1"}
Rendering code_submissions/show
Completed in 410ms (View: 31, DB: 0) | 200 OK [http://localhost/code_submissions/1]


Processing CodeSubmissionsController#show (for 127.0.0.1 at 2010-10-27 00:44:54) [GET]
  Parameters: {"id"=>"1"}
Rendering code_submissions/show
Completed in 484ms (View: 3, DB: 0) | 200 OK [http://localhost/code_submissions/1]
